<?xml version="1.0" encoding="UTF-8"?>
<!-- Generated by org.testng.reporters.JUnitReportReporter -->
<testsuite skipped="0" hostname="EILS56310BWP8TT" name="test.WCSQueryInterfaceErrorTestCase" tests="4" failures="0" timestamp="06 十二月 2018 07:34:19 GMT" time="0.587" errors="0">
  <testcase name="queryTestSctrip" time="0.539" classname="test.WCSQueryInterfaceErrorTestCase"/>
  <testcase name="queryTestSctrip" time="0.024" classname="test.WCSQueryInterfaceErrorTestCase"/>
  <testcase name="queryTestSctrip" time="0.012" classname="test.WCSQueryInterfaceErrorTestCase"/>
  <testcase name="queryTestSctrip" time="0.012" classname="test.WCSQueryInterfaceErrorTestCase"/>
</testsuite> <!-- test.WCSQueryInterfaceErrorTestCase -->
