<?xml version="1.0" encoding="UTF-8"?>
<!-- Generated by org.testng.reporters.JUnitReportReporter -->
<testsuite skipped="0" hostname="EILS56310BWP8TT" name="test.WCSQueryInterfaceErrorTestCase" tests="4" failures="0" timestamp="05 十二月 2018 11:18:19 GMT" time="0.609" errors="0">
  <testcase name="queryTestSctrip" time="0.014" classname="test.WCSQueryInterfaceErrorTestCase"/>
  <testcase name="queryTestSctrip" time="0.019" classname="test.WCSQueryInterfaceErrorTestCase"/>
  <testcase name="queryTestSctrip" time="0.021" classname="test.WCSQueryInterfaceErrorTestCase"/>
  <testcase name="queryTestSctrip" time="0.555" classname="test.WCSQueryInterfaceErrorTestCase"/>
</testsuite> <!-- test.WCSQueryInterfaceErrorTestCase -->
