<?xml version="1.0" encoding="UTF-8"?>
<!-- Generated by org.testng.reporters.JUnitReportReporter -->
<testsuite skipped="0" hostname="EILS56310BWP8TT" name="test.WCSQueryInterfaceErrorTestCase" tests="4" failures="0" timestamp="10 十二月 2018 09:15:37 GMT" time="1.010" errors="0">
  <testcase name="queryTestSctrip" time="0.017" classname="test.WCSQueryInterfaceErrorTestCase"/>
  <testcase name="queryTestSctrip" time="0.015" classname="test.WCSQueryInterfaceErrorTestCase"/>
  <testcase name="queryTestSctrip" time="0.965" classname="test.WCSQueryInterfaceErrorTestCase"/>
  <testcase name="queryTestSctrip" time="0.013" classname="test.WCSQueryInterfaceErrorTestCase"/>
</testsuite> <!-- test.WCSQueryInterfaceErrorTestCase -->
