<?xml version="1.0" encoding="UTF-8"?>
<!-- Generated by org.testng.reporters.JUnitReportReporter -->
<testsuite skipped="0" hostname="EILS56310BWP8TT" name="test.WCSQueryInterfaceErrorTestCase" tests="4" failures="0" timestamp="06 十二月 2018 07:02:34 GMT" time="0.569" errors="0">
  <testcase name="queryTestSctrip" time="0.013" classname="test.WCSQueryInterfaceErrorTestCase"/>
  <testcase name="queryTestSctrip" time="0.014" classname="test.WCSQueryInterfaceErrorTestCase"/>
  <testcase name="queryTestSctrip" time="0.013" classname="test.WCSQueryInterfaceErrorTestCase"/>
  <testcase name="queryTestSctrip" time="0.529" classname="test.WCSQueryInterfaceErrorTestCase"/>
</testsuite> <!-- test.WCSQueryInterfaceErrorTestCase -->
