<?xml version="1.0" encoding="UTF-8"?>
<!-- Generated by org.testng.reporters.JUnitReportReporter -->
<testsuite skipped="0" hostname="EILS56310BWP8TT" name="test.UtilsMethodTest" tests="2" failures="0" timestamp="13 十一月 2018 07:17:35 GMT" time="0.513" errors="0">
  <testcase name="testJDBCUtils" time="0.402" classname="test.UtilsMethodTest"/>
  <testcase name="testJsonUtils" time="0.111" classname="test.UtilsMethodTest"/>
</testsuite> <!-- test.UtilsMethodTest -->
