<?xml version="1.0" encoding="UTF-8"?>
<!-- Generated by org.testng.reporters.JUnitReportReporter -->
<testsuite skipped="0" hostname="EILS56310BWP8TT" name="test.UtilsMethodTest" tests="1" failures="0" timestamp="21 Nov 2018 08:57:28 GMT" time="0.103" errors="0">
  <testcase name="testJsonUtils" time="0.103" classname="test.UtilsMethodTest"/>
</testsuite> <!-- test.UtilsMethodTest -->
