<?xml version="1.0" encoding="UTF-8"?>
<!-- Generated by org.testng.reporters.JUnitReportReporter -->
<testsuite skipped="0" hostname="EILS56310BWP8TT" name="test.WCSQueryInterfaceTestCase" tests="5" failures="0" timestamp="06 Dec 2018 02:54:42 GMT" time="0.704" errors="0">
  <testcase name="queryTestSctrip" time="0.017" classname="test.WCSQueryInterfaceTestCase"/>
  <testcase name="queryTestSctrip" time="0.043" classname="test.WCSQueryInterfaceTestCase"/>
  <testcase name="queryTestSctrip" time="0.604" classname="test.WCSQueryInterfaceTestCase"/>
  <testcase name="queryTestSctrip" time="0.017" classname="test.WCSQueryInterfaceTestCase"/>
  <testcase name="queryTestSctrip" time="0.023" classname="test.WCSQueryInterfaceTestCase"/>
</testsuite> <!-- test.WCSQueryInterfaceTestCase -->
