<?xml version="1.0" encoding="UTF-8"?>
<!-- Generated by org.testng.reporters.JUnitReportReporter -->
<testsuite skipped="0" hostname="EILS56310BWP8TT" name="test.JSONTest" tests="3" failures="0" timestamp="08 Jan 2019 05:28:39 GMT" time="5.875" errors="0">
  <testcase name="add" time="0.019" classname="test.JSONTest"/>
  <testcase name="add" time="0.012" classname="test.JSONTest"/>
  <testcase name="add" time="5.844" classname="test.JSONTest"/>
</testsuite> <!-- test.JSONTest -->
