<?xml version="1.0" encoding="UTF-8"?>
<!-- Generated by org.testng.reporters.JUnitReportReporter -->
<testsuite skipped="0" hostname="EILS56310BWP8TT" name="test.WCSQueryInterfaceErrorTestCase" tests="4" failures="0" timestamp="06 十二月 2018 03:07:31 GMT" time="0.856" errors="0">
  <testcase name="queryTestSctrip" time="0.017" classname="test.WCSQueryInterfaceErrorTestCase"/>
  <testcase name="queryTestSctrip" time="0.801" classname="test.WCSQueryInterfaceErrorTestCase"/>
  <testcase name="queryTestSctrip" time="0.023" classname="test.WCSQueryInterfaceErrorTestCase"/>
  <testcase name="queryTestSctrip" time="0.015" classname="test.WCSQueryInterfaceErrorTestCase"/>
</testsuite> <!-- test.WCSQueryInterfaceErrorTestCase -->
