<?xml version="1.0" encoding="UTF-8"?>
<!-- Generated by org.testng.reporters.JUnitReportReporter -->
<testsuite skipped="0" hostname="EILS56310BWP8TT" name="test.WCSQueryInterfaceTestCase" tests="5" failures="0" timestamp="06 十二月 2018 03:07:31 GMT" time="0.895" errors="0">
  <testcase name="queryTestSctrip" time="0.813" classname="test.WCSQueryInterfaceTestCase"/>
  <testcase name="queryTestSctrip" time="0.015" classname="test.WCSQueryInterfaceTestCase"/>
  <testcase name="queryTestSctrip" time="0.019" classname="test.WCSQueryInterfaceTestCase"/>
  <testcase name="queryTestSctrip" time="0.012" classname="test.WCSQueryInterfaceTestCase"/>
  <testcase name="queryTestSctrip" time="0.036" classname="test.WCSQueryInterfaceTestCase"/>
</testsuite> <!-- test.WCSQueryInterfaceTestCase -->
