<?xml version="1.0" encoding="UTF-8"?>
<!-- Generated by org.testng.reporters.JUnitReportReporter -->
<testsuite skipped="0" hostname="EILS56310BWP8TT" name="test.InterfaceTestDemo" tests="2" failures="0" timestamp="23 Nov 2018 09:35:52 GMT" time="0.569" errors="0">
  <testcase name="login" time="0.557" classname="test.InterfaceTestDemo"/>
  <testcase name="login" time="0.012" classname="test.InterfaceTestDemo"/>
</testsuite> <!-- test.InterfaceTestDemo -->
