<?xml version="1.0" encoding="UTF-8"?>
<!-- Generated by org.testng.reporters.JUnitReportReporter -->
<testsuite skipped="0" hostname="EILS56310BWP8TT" name="test.WCSQueryInterfaceTestCase" tests="5" failures="0" timestamp="06 十二月 2018 06:03:15 GMT" time="0.673" errors="0">
  <testcase name="queryTestSctrip" time="0.617" classname="test.WCSQueryInterfaceTestCase"/>
  <testcase name="queryTestSctrip" time="0.013" classname="test.WCSQueryInterfaceTestCase"/>
  <testcase name="queryTestSctrip" time="0.014" classname="test.WCSQueryInterfaceTestCase"/>
  <testcase name="queryTestSctrip" time="0.011" classname="test.WCSQueryInterfaceTestCase"/>
  <testcase name="queryTestSctrip" time="0.018" classname="test.WCSQueryInterfaceTestCase"/>
</testsuite> <!-- test.WCSQueryInterfaceTestCase -->
