<?xml version="1.0" encoding="UTF-8"?>
<!-- Generated by org.testng.reporters.JUnitReportReporter -->
<testsuite skipped="0" hostname="EILS56310BWP8TT" name="test.TestNGTest" tests="3" failures="0" timestamp="30 Nov 2018 09:37:04 GMT" time="0.002" errors="0">
  <testcase name="f2" time="0.000" classname="test.TestNGTest"/>
  <testcase name="f2" time="0.001" classname="test.TestNGTest"/>
  <testcase name="f1" time="0.001" classname="test.TestNGTest"/>
</testsuite> <!-- test.TestNGTest -->
